# JRE version: Java(TM) SE Runtime Environment (17.0.5+9) (build 17.0.5+9-LTS-191)
# Java VM: Java HotSpot(TM) 64-Bit Server VM (17.0.5+9-LTS-191, mixed mode, sharing, tiered, compressed oops, compressed class ptrs, g1 gc, windows-amd64)
GC Precious Log:
 CPUs: 16 total, 16 available
 Memory: 16168M
 Large Page Support: Disabled
 NUMA Support: Disabled
 Compressed Oops: Enabled (32-bit)
 Heap Region Size: 1M
 Heap Min Capacity: 256M
 Heap Initial Capacity: 256M
 Heap Max Capacity: 512M
 Pre-touch: Disabled
 Parallel Workers: 13
 Concurrent Workers: 3
 Concurrent Refinement Workers: 13
 Periodic GC: Disabled
Heap:
 garbage-first heap   total 262144K, used 167983K [0x00000000e0000000, 0x0000000100000000)
  region size 1024K, 99 young (101376K), 14 survivors (14336K)
 Metaspace       used 58305K, committed 59008K, reserved 372736K
  class space    used 8197K, committed 8512K, reserved 315392K
GC Heap History (16 events):
Event: 0.466 GC heap before
{Heap before GC invocations=0 (full 0):
 garbage-first heap   total 262144K, used 26624K [0x00000000e0000000, 0x0000000100000000)
  region size 1024K, 23 young (23552K), 0 survivors (0K)
 Metaspace       used 2947K, committed 3072K, reserved 323584K
  class space    used 367K, committed 448K, reserved 315392K
}
Event: 0.469 GC heap after
{Heap after GC invocations=1 (full 0):
 garbage-first heap   total 262144K, used 10229K [0x00000000e0000000, 0x0000000100000000)
  region size 1024K, 3 young (3072K), 3 survivors (3072K)
 Metaspace       used 2947K, committed 3072K, reserved 323584K
  class space    used 367K, committed 448K, reserved 315392K
}
Event: 0.766 GC heap before
{Heap before GC invocations=1 (full 0):
 garbage-first heap   total 262144K, used 37877K [0x00000000e0000000, 0x0000000100000000)
  region size 1024K, 30 young (30720K), 3 survivors (3072K)
 Metaspace       used 4092K, committed 4288K, reserved 323584K
  class space    used 492K, committed 576K, reserved 315392K
}
Event: 0.768 GC heap after
{Heap after GC invocations=2 (full 0):
 garbage-first heap   total 262144K, used 11216K [0x00000000e0000000, 0x0000000100000000)
  region size 1024K, 1 young (1024K), 1 survivors (1024K)
 Metaspace       used 4092K, committed 4288K, reserved 323584K
  class space    used 492K, committed 576K, reserved 315392K
}
Event: 2.113 GC heap before
{Heap before GC invocations=2 (full 0):
 garbage-first heap   total 262144K, used 111568K [0x00000000e0000000, 0x0000000100000000)
  region size 1024K, 99 young (101376K), 1 survivors (1024K)
 Metaspace       used 19048K, committed 19328K, reserved 339968K
  class space    used 2789K, committed 2944K, reserved 315392K
}
Event: 2.118 GC heap after
{Heap after GC invocations=3 (full 0):
 garbage-first heap   total 262144K, used 21331K [0x00000000e0000000, 0x0000000100000000)
  region size 1024K, 11 young (11264K), 11 survivors (11264K)
 Metaspace       used 19048K, committed 19328K, reserved 339968K
  class space    used 2789K, committed 2944K, reserved 315392K
}
Event: 2.331 GC heap before
{Heap before GC invocations=3 (full 0):
 garbage-first heap   total 262144K, used 52051K [0x00000000e0000000, 0x0000000100000000)
  region size 1024K, 32 young (32768K), 11 survivors (11264K)
 Metaspace       used 21207K, committed 21504K, reserved 339968K
  class space    used 3155K, committed 3328K, reserved 315392K
}
Event: 2.335 GC heap after
{Heap after GC invocations=4 (full 0):
 garbage-first heap   total 262144K, used 36404K [0x00000000e0000000, 0x0000000100000000)
  region size 1024K, 4 young (4096K), 4 survivors (4096K)
 Metaspace       used 21207K, committed 21504K, reserved 339968K
  class space    used 3155K, committed 3328K, reserved 315392K
}
Event: 3.384 GC heap before
{Heap before GC invocations=5 (full 0):
 garbage-first heap   total 262144K, used 156212K [0x00000000e0000000, 0x0000000100000000)
  region size 1024K, 118 young (120832K), 4 survivors (4096K)
 Metaspace       used 35521K, committed 35968K, reserved 348160K
  class space    used 4946K, committed 5184K, reserved 315392K
}
Event: 3.389 GC heap after
{Heap after GC invocations=6 (full 0):
 garbage-first heap   total 262144K, used 44287K [0x00000000e0000000, 0x0000000100000000)
  region size 1024K, 12 young (12288K), 12 survivors (12288K)
 Metaspace       used 35521K, committed 35968K, reserved 348160K
  class space    used 4946K, committed 5184K, reserved 315392K
}
Event: 4.743 GC heap before
{Heap before GC invocations=7 (full 0):
 garbage-first heap   total 262144K, used 192767K [0x00000000e0000000, 0x0000000100000000)
  region size 1024K, 153 young (156672K), 12 survivors (12288K)
 Metaspace       used 48612K, committed 49216K, reserved 364544K
  class space    used 6867K, committed 7168K, reserved 315392K
}
Event: 4.751 GC heap after
{Heap after GC invocations=8 (full 0):
 garbage-first heap   total 262144K, used 57336K [0x00000000e0000000, 0x0000000100000000)
  region size 1024K, 19 young (19456K), 19 survivors (19456K)
 Metaspace       used 48612K, committed 49216K, reserved 364544K
  class space    used 6867K, committed 7168K, reserved 315392K
}
Event: 4.760 GC heap before
{Heap before GC invocations=8 (full 0):
 garbage-first heap   total 262144K, used 58360K [0x00000000e0000000, 0x0000000100000000)
  region size 1024K, 20 young (20480K), 19 survivors (19456K)
 Metaspace       used 48625K, committed 49216K, reserved 364544K
  class space    used 6870K, committed 7168K, reserved 315392K
}
Event: 4.767 GC heap after
{Heap after GC invocations=9 (full 0):
 garbage-first heap   total 262144K, used 59412K [0x00000000e0000000, 0x0000000100000000)
  region size 1024K, 3 young (3072K), 3 survivors (3072K)
 Metaspace       used 48625K, committed 49216K, reserved 364544K
  class space    used 6870K, committed 7168K, reserved 315392K
}
Event: 5.683 GC heap before
{Heap before GC invocations=9 (full 0):
 garbage-first heap   total 262144K, used 205844K [0x00000000e0000000, 0x0000000100000000)
  region size 1024K, 136 young (139264K), 3 survivors (3072K)
 Metaspace       used 55337K, committed 56000K, reserved 364544K
  class space    used 7956K, committed 8256K, reserved 315392K
}
Event: 5.691 GC heap after
{Heap after GC invocations=10 (full 0):
 garbage-first heap   total 262144K, used 81967K [0x00000000e0000000, 0x0000000100000000)
  region size 1024K, 14 young (14336K), 14 survivors (14336K)
 Metaspace       used 55337K, committed 56000K, reserved 364544K
  class space    used 7956K, committed 8256K, reserved 315392K
}

