# JRE version: Java(TM) SE Runtime Environment (17.0.5+9) (build 17.0.5+9-LTS-191)
# Java VM: Java HotSpot(TM) 64-Bit Server VM (17.0.5+9-LTS-191, mixed mode, sharing, tiered, compressed oops, compressed class ptrs, g1 gc, windows-amd64)
GC Precious Log:
 CPUs: 16 total, 16 available
 Memory: 16168M
 Large Page Support: Disabled
 NUMA Support: Disabled
 Compressed Oops: Enabled (32-bit)
 Heap Region Size: 1M
 Heap Min Capacity: 256M
 Heap Initial Capacity: 256M
 Heap Max Capacity: 512M
 Pre-touch: Disabled
 Parallel Workers: 13
 Concurrent Workers: 3
 Concurrent Refinement Workers: 13
 Periodic GC: Disabled
Heap:
 garbage-first heap   total 262144K, used 107236K [0x00000000e0000000, 0x0000000100000000)
  region size 1024K, 37 young (37888K), 19 survivors (19456K)
 Metaspace       used 67862K, committed 68608K, reserved 380928K
  class space    used 9559K, committed 9920K, reserved 315392K
GC Heap History (20 events):
Event: 0.701 GC heap before
{Heap before GC invocations=1 (full 0):
 garbage-first heap   total 262144K, used 38165K [0x00000000e0000000, 0x0000000100000000)
  region size 1024K, 30 young (30720K), 3 survivors (3072K)
 Metaspace       used 4092K, committed 4288K, reserved 323584K
  class space    used 491K, committed 576K, reserved 315392K
}
Event: 0.703 GC heap after
{Heap after GC invocations=2 (full 0):
 garbage-first heap   total 262144K, used 11134K [0x00000000e0000000, 0x0000000100000000)
  region size 1024K, 1 young (1024K), 1 survivors (1024K)
 Metaspace       used 4092K, committed 4288K, reserved 323584K
  class space    used 491K, committed 576K, reserved 315392K
}
Event: 2.199 GC heap before
{Heap before GC invocations=2 (full 0):
 garbage-first heap   total 262144K, used 117630K [0x00000000e0000000, 0x0000000100000000)
  region size 1024K, 104 young (106496K), 1 survivors (1024K)
 Metaspace       used 19659K, committed 19968K, reserved 339968K
  class space    used 2892K, committed 3072K, reserved 315392K
}
Event: 2.206 GC heap after
{Heap after GC invocations=3 (full 0):
 garbage-first heap   total 262144K, used 21395K [0x00000000e0000000, 0x0000000100000000)
  region size 1024K, 11 young (11264K), 11 survivors (11264K)
 Metaspace       used 19659K, committed 19968K, reserved 339968K
  class space    used 2892K, committed 3072K, reserved 315392K
}
Event: 2.406 GC heap before
{Heap before GC invocations=3 (full 0):
 garbage-first heap   total 262144K, used 49043K [0x00000000e0000000, 0x0000000100000000)
  region size 1024K, 29 young (29696K), 11 survivors (11264K)
 Metaspace       used 21200K, committed 21504K, reserved 339968K
  class space    used 3148K, committed 3328K, reserved 315392K
}
Event: 2.410 GC heap after
{Heap after GC invocations=4 (full 0):
 garbage-first heap   total 262144K, used 36618K [0x00000000e0000000, 0x0000000100000000)
  region size 1024K, 4 young (4096K), 4 survivors (4096K)
 Metaspace       used 21200K, committed 21504K, reserved 339968K
  class space    used 3148K, committed 3328K, reserved 315392K
}
Event: 3.453 GC heap before
{Heap before GC invocations=5 (full 0):
 garbage-first heap   total 262144K, used 149258K [0x00000000e0000000, 0x0000000100000000)
  region size 1024K, 111 young (113664K), 4 survivors (4096K)
 Metaspace       used 35635K, committed 36096K, reserved 348160K
  class space    used 4995K, committed 5184K, reserved 315392K
}
Event: 3.458 GC heap after
{Heap after GC invocations=6 (full 0):
 garbage-first heap   total 262144K, used 43661K [0x00000000e0000000, 0x0000000100000000)
  region size 1024K, 11 young (11264K), 11 survivors (11264K)
 Metaspace       used 35635K, committed 36096K, reserved 348160K
  class space    used 4995K, committed 5184K, reserved 315392K
}
Event: 3.466 GC heap before
{Heap before GC invocations=6 (full 0):
 garbage-first heap   total 262144K, used 44685K [0x00000000e0000000, 0x0000000100000000)
  region size 1024K, 12 young (12288K), 11 survivors (11264K)
 Metaspace       used 35734K, committed 36224K, reserved 348160K
  class space    used 5016K, committed 5248K, reserved 315392K
}
Event: 3.472 GC heap after
{Heap after GC invocations=7 (full 0):
 garbage-first heap   total 262144K, used 43837K [0x00000000e0000000, 0x0000000100000000)
  region size 1024K, 2 young (2048K), 2 survivors (2048K)
 Metaspace       used 35734K, committed 36224K, reserved 348160K
  class space    used 5016K, committed 5248K, reserved 315392K
}
Event: 3.490 GC heap before
{Heap before GC invocations=7 (full 0):
 garbage-first heap   total 262144K, used 45885K [0x00000000e0000000, 0x0000000100000000)
  region size 1024K, 5 young (5120K), 2 survivors (2048K)
 Metaspace       used 36008K, committed 36416K, reserved 348160K
  class space    used 5043K, committed 5248K, reserved 315392K
}
Event: 3.491 GC heap after
{Heap after GC invocations=8 (full 0):
 garbage-first heap   total 262144K, used 43485K [0x00000000e0000000, 0x0000000100000000)
  region size 1024K, 1 young (1024K), 1 survivors (1024K)
 Metaspace       used 36008K, committed 36416K, reserved 348160K
  class space    used 5043K, committed 5248K, reserved 315392K
}
Event: 4.052 GC heap before
{Heap before GC invocations=9 (full 0):
 garbage-first heap   total 262144K, used 187869K [0x00000000e0000000, 0x0000000100000000)
  region size 1024K, 142 young (145408K), 1 survivors (1024K)
 Metaspace       used 37355K, committed 37760K, reserved 348160K
  class space    used 5231K, committed 5440K, reserved 315392K
}
Event: 4.056 GC heap after
{Heap after GC invocations=10 (full 0):
 garbage-first heap   total 262144K, used 47408K [0x00000000e0000000, 0x0000000100000000)
  region size 1024K, 5 young (5120K), 5 survivors (5120K)
 Metaspace       used 37355K, committed 37760K, reserved 348160K
  class space    used 5231K, committed 5440K, reserved 315392K
}
Event: 5.409 GC heap before
{Heap before GC invocations=10 (full 0):
 garbage-first heap   total 262144K, used 199984K [0x00000000e0000000, 0x0000000100000000)
  region size 1024K, 150 young (153600K), 5 survivors (5120K)
 Metaspace       used 45716K, committed 46272K, reserved 356352K
  class space    used 6216K, committed 6464K, reserved 315392K
}
Event: 5.414 GC heap after
{Heap after GC invocations=11 (full 0):
 garbage-first heap   total 262144K, used 56748K [0x00000000e0000000, 0x0000000100000000)
  region size 1024K, 11 young (11264K), 11 survivors (11264K)
 Metaspace       used 45716K, committed 46272K, reserved 356352K
  class space    used 6216K, committed 6464K, reserved 315392K
}
Event: 7.654 GC heap before
{Heap before GC invocations=11 (full 0):
 garbage-first heap   total 262144K, used 176556K [0x00000000e0000000, 0x0000000100000000)
  region size 1024K, 129 young (132096K), 11 survivors (11264K)
 Metaspace       used 60722K, committed 61248K, reserved 372736K
  class space    used 8385K, committed 8640K, reserved 315392K
}
Event: 7.660 GC heap after
{Heap after GC invocations=12 (full 0):
 garbage-first heap   total 262144K, used 65739K [0x00000000e0000000, 0x0000000100000000)
  region size 1024K, 16 young (16384K), 16 survivors (16384K)
 Metaspace       used 60722K, committed 61248K, reserved 372736K
  class space    used 8385K, committed 8640K, reserved 315392K
}
Event: 8.713 GC heap before
{Heap before GC invocations=13 (full 0):
 garbage-first heap   total 262144K, used 214219K [0x00000000e0000000, 0x0000000100000000)
  region size 1024K, 151 young (154624K), 16 survivors (16384K)
 Metaspace       used 67783K, committed 68608K, reserved 380928K
  class space    used 9537K, committed 9920K, reserved 315392K
}
Event: 8.727 GC heap after
{Heap after GC invocations=14 (full 0):
 garbage-first heap   total 262144K, used 89828K [0x00000000e0000000, 0x0000000100000000)
  region size 1024K, 19 young (19456K), 19 survivors (19456K)
 Metaspace       used 67783K, committed 68608K, reserved 380928K
  class space    used 9537K, committed 9920K, reserved 315392K
}

